Added Component: Designator=U3(XCVR_ESP32-S3-WROOM-1-N4R2)
Add component (AddParameter): Name = "Availability"; Value = "In Stock"; VariantName = "[No Variations]"
Add component (AddParameter): Name = "Check_prices"; Value = "https://www.snapeda.com/parts/ESP32-S3-WROOM-1-N4R2/Espressif+Systems/view-part/?ref=eda"; VariantName = "[No Variations]"
Add component (AddParameter): Name = "COD. CRISTOFOLI"; Value = "EMP.50161"; VariantName = "[No Variations]"
Add component (AddParameter): Name = "List"; Value = "IC SMD ESP32-S3-WROOM-1-N4R2"; VariantName = "[No Variations]"
Add component (AddParameter): Name = "MF"; Value = "Espressif Systems"; VariantName = "[No Variations]"
Add component (AddParameter): Name = "MP"; Value = "ESP32-S3-WROOM-1-N4R2"; VariantName = "[No Variations]"
Add component (AddParameter): Name = "Package"; Value = "None"; VariantName = "[No Variations]"
Add component (AddParameter): Name = "Price"; Value = "None"; VariantName = "[No Variations]"
Add component (AddParameter): Name = "Purchase-URL"; Value = "https://pricing.snapeda.com/search/part/ESP32-S3-WROOM-1-N4R2/?ref=eda"; VariantName = "[No Variations]"
Add component (AddParameter): Name = "SnapEDA_Link"; Value = "https://www.snapeda.com/parts/ESP32-S3-WROOM-1-N4R2/Espressif+Systems/view-part/?ref=snap"; VariantName = "[No Variations]"
Add component (AddParameter): Name = "Value"; Value = ""; VariantName = "[No Variations]"
Added Pin To Net: NetName=GND Pin=U3-1
Added Pin To Net: NetName=DVDD Pin=U3-2
Added Pin To Net: NetName=NetCN1_6 Pin=U3-3
Added Pin To Net: NetName=NetLCD1_6 Pin=U3-4
Added Pin To Net: NetName=NetLCD1_7 Pin=U3-5
Added Pin To Net: NetName=NetLCD1_9 Pin=U3-6
Added Pin To Net: NetName=NetLCD1_11 Pin=U3-7
Added Pin To Net: NetName=NetLCD1_14 Pin=U3-12
Added Pin To Net: NetName=NetR14_2 Pin=U3-14
Added Pin To Net: NetName=NetLCD1_5 Pin=U3-15
Added Pin To Net: NetName=NetLCD1_18 Pin=U3-17
Added Pin To Net: NetName=NetU1_15 Pin=U3-18
Added Pin To Net: NetName=NetU1_17 Pin=U3-19
Added Pin To Net: NetName=NetU1_16 Pin=U3-20
Added Pin To Net: NetName=NetU1_18 Pin=U3-21
Added Pin To Net: NetName=NetR15_2 Pin=U3-23
Added Pin To Net: NetName=NetCN1_5 Pin=U3-27
Added Pin To Net: NetName=NetU1_22 Pin=U3-29
Added Pin To Net: NetName=NetU1_19 Pin=U3-30
Added Pin To Net: NetName=NetU1_20 Pin=U3-31
Added Pin To Net: NetName=NetU1_21 Pin=U3-32
Added Pin To Net: NetName=NetCN1_4 Pin=U3-36
Added Pin To Net: NetName=NetCN1_3 Pin=U3-37
Added Pin To Net: NetName=NetLCD1_4 Pin=U3-38
Added Pin To Net: NetName=NetLCD1_3 Pin=U3-39
Added Pin To Net: NetName=GND Pin=U3-40
Added Pin To Net: NetName=GND Pin=U3-41_1
Added Pin To Net: NetName=GND Pin=U3-41_2
Added Pin To Net: NetName=GND Pin=U3-41_3
Added Pin To Net: NetName=GND Pin=U3-41_4
Added Pin To Net: NetName=GND Pin=U3-41_5
Added Pin To Net: NetName=GND Pin=U3-41_6
Added Pin To Net: NetName=GND Pin=U3-41_7
Added Pin To Net: NetName=GND Pin=U3-41_8
Added Pin To Net: NetName=GND Pin=U3-41_9
Added Member To Class: ClassName=Microcontrolador Member=Component U3 IC SMD ESP32-S3-WROOM-1-N4R2
