Change Net Name : Old Net Name=NetC1_2 New Net Name=U+
Change Net Name : Old Net Name=NetC2_2 New Net Name=DVDD_REG1V8
Change Net Name : Old Net Name=NetC3_2 New Net Name=U-
Change Net Name : Old Net Name=NetC4_2 New Net Name=VREF_2V5
Change Net Name : Old Net Name=NetC5_2 New Net Name=I+
Change Net Name : Old Net Name=NetC6_2 New Net Name=VREF_1V8
Change Net Name : Old Net Name=NetC7_2 New Net Name=I-
Change Net Name : Old Net Name=NetC8_2 New Net Name=VBIAS_CAP
Change Net Name : Old Net Name=NetC9_2 New Net Name=AVDD_REG
Change Net Name : Old Net Name=NetC10_1 New Net Name=AIN3
Change Net Name : Old Net Name=NetC11_2 New Net Name=VZERO
Change Net Name : Old Net Name=NetC12_1 New Net Name=VBIAS
Change Net Name : Old Net Name=NetC13_1 New Net Name=XTAL0
Change Net Name : Old Net Name=NetC14_1 New Net Name=XTAL1
Change Net Name : Old Net Name=NetCN1_3 New Net Name=RXD0
Change Net Name : Old Net Name=NetCN1_4 New Net Name=TXD0
Change Net Name : Old Net Name=NetCN1_5 New Net Name=IO0
Change Net Name : Old Net Name=NetCN1_6 New Net Name=EN
Change Net Name : Old Net Name=NetLCD1_3 New Net Name=LCD_CS
Change Net Name : Old Net Name=NetLCD1_4 New Net Name=LCD_RESET
Change Net Name : Old Net Name=NetLCD1_5 New Net Name=LCD_RS
Change Net Name : Old Net Name=NetLCD1_6 New Net Name=LCD_MOSI
Change Net Name : Old Net Name=NetLCD1_7 New Net Name=LCD_CLK
Change Net Name : Old Net Name=NetLCD1_9 New Net Name=LCD_MISO
Change Net Name : Old Net Name=NetLCD1_11 New Net Name=TCH_CS
Change Net Name : Old Net Name=NetLCD1_14 New Net Name=TCH_IRQ
Change Net Name : Old Net Name=NetLCD1_18 New Net Name=SD_CS
Change Net Name : Old Net Name=NetR1_1 New Net Name=AIN0
Change Net Name : Old Net Name=NetR2_1 New Net Name=RCAL1
Change Net Name : Old Net Name=NetR2_2 New Net Name=RCAL0
Change Net Name : Old Net Name=NetR3_1 New Net Name=AIN1
Change Net Name : Old Net Name=NetR4_1 New Net Name=CE0
Change Net Name : Old Net Name=NetR5_1 New Net Name=DE0
Change Net Name : Old Net Name=NetR14_2 New Net Name=USB_D-
Change Net Name : Old Net Name=NetR15_2 New Net Name=USB_D+
Change Net Name : Old Net Name=NetU1_15 New Net Name=AD_CS
Change Net Name : Old Net Name=NetU1_16 New Net Name=AD_SCLK
Change Net Name : Old Net Name=NetU1_17 New Net Name=AD_MOSI
Change Net Name : Old Net Name=NetU1_18 New Net Name=AD_MISO
Change Net Name : Old Net Name=NetU1_19 New Net Name=AD_GP0
Change Net Name : Old Net Name=NetU1_20 New Net Name=AD_GP1
Change Net Name : Old Net Name=NetU1_21 New Net Name=AD_GP2
Change Net Name : Old Net Name=NetU1_22 New Net Name=AD_RESET_N
