Removed Pin From Net: NetName=JMP1 Pin=R21-1
Removed Pin From Net: NetName=JMP2 Pin=R22-1
Removed Pin From Net: NetName=JMP3 Pin=R23-1
Removed Pin From Net: NetName=JMP4 Pin=R24-1
Removed Pin From Net: NetName=GND Pin=R24-2
Change Component Footprint: Designator=R24 Old Footprint=JMP0805 New Footprint=res0805ok
Change component parameters: Designator = "R21" ("R21"); Footprint = "JMP0805"; UniqueID = "\IEEPCTUR" ("\IEEPCTUR")
Change component parameters (AddParameter): Name = "COD. CRISTOFOLI"; Value = "EMP.50116"; VariantName = "[No Variations]"
Change component parameters (AddParameter): Name = "List"; Value = "RES SMD 10K 1% 0805"; VariantName = "[No Variations]"
Change component parameters (AddParameter): Name = "Manufacturer"; Value = ""; VariantName = "[No Variations]"
Change component parameters (AddParameter): Name = "Manufacturer Part Number"; Value = ""; VariantName = "[No Variations]"
Change component parameters (AddParameter): Name = "Tolerance"; Value = "1%"; VariantName = "[No Variations]"
Change component parameters (AddParameter): Name = "Value"; Value = "JMP"; VariantName = "[No Variations]"
Change component parameters (AddParameter): Name = "Voltage"; Value = ""; VariantName = "[No Variations]"
Change component parameters: Designator = "R22" ("R22"); Footprint = "JMP0805"; UniqueID = "\DFFWISNE" ("\DFFWISNE")
Change component parameters (AddParameter): Name = "COD. CRISTOFOLI"; Value = "EMP.50116"; VariantName = "[No Variations]"
Change component parameters (AddParameter): Name = "List"; Value = "RES SMD 10K 1% 0805"; VariantName = "[No Variations]"
Change component parameters (AddParameter): Name = "Manufacturer"; Value = ""; VariantName = "[No Variations]"
Change component parameters (AddParameter): Name = "Manufacturer Part Number"; Value = ""; VariantName = "[No Variations]"
Change component parameters (AddParameter): Name = "Tolerance"; Value = "1%"; VariantName = "[No Variations]"
Change component parameters (AddParameter): Name = "Value"; Value = "JMP"; VariantName = "[No Variations]"
Change component parameters (AddParameter): Name = "Voltage"; Value = ""; VariantName = "[No Variations]"
Change component parameters: Designator = "R23" ("R23"); Footprint = "JMP0805"; UniqueID = "\EGZQABIZ" ("\EGZQABIZ")
Change component parameters (AddParameter): Name = "COD. CRISTOFOLI"; Value = "EMP.50116"; VariantName = "[No Variations]"
Change component parameters (AddParameter): Name = "List"; Value = "RES SMD 10K 1% 0805"; VariantName = "[No Variations]"
Change component parameters (AddParameter): Name = "Manufacturer"; Value = ""; VariantName = "[No Variations]"
Change component parameters (AddParameter): Name = "Manufacturer Part Number"; Value = ""; VariantName = "[No Variations]"
Change component parameters (AddParameter): Name = "Tolerance"; Value = "1%"; VariantName = "[No Variations]"
Change component parameters (AddParameter): Name = "Value"; Value = "JMP"; VariantName = "[No Variations]"
Change component parameters (AddParameter): Name = "Voltage"; Value = ""; VariantName = "[No Variations]"
Added Component: Designator=R25(res0805ok)
Add component (AddParameter): Name = "COD. CRISTOFOLI"; Value = "EMP.50116"; VariantName = "[No Variations]"
Add component (AddParameter): Name = "List"; Value = "RES SMD 10K 1% 0805"; VariantName = "[No Variations]"
Add component (AddParameter): Name = "Manufacturer"; Value = ""; VariantName = "[No Variations]"
Add component (AddParameter): Name = "Manufacturer Part Number"; Value = ""; VariantName = "[No Variations]"
Add component (AddParameter): Name = "Tolerance"; Value = "1%"; VariantName = "[No Variations]"
Add component (AddParameter): Name = "Value"; Value = "10K"; VariantName = "[No Variations]"
Add component (AddParameter): Name = "Voltage"; Value = ""; VariantName = "[No Variations]"
Added Component: Designator=R26(res0805ok)
Add component (AddParameter): Name = "COD. CRISTOFOLI"; Value = "EMP.50116"; VariantName = "[No Variations]"
Add component (AddParameter): Name = "List"; Value = "RES SMD 10K 1% 0805"; VariantName = "[No Variations]"
Add component (AddParameter): Name = "Manufacturer"; Value = ""; VariantName = "[No Variations]"
Add component (AddParameter): Name = "Manufacturer Part Number"; Value = ""; VariantName = "[No Variations]"
Add component (AddParameter): Name = "Tolerance"; Value = "1%"; VariantName = "[No Variations]"
Add component (AddParameter): Name = "Value"; Value = "10K"; VariantName = "[No Variations]"
Add component (AddParameter): Name = "Voltage"; Value = ""; VariantName = "[No Variations]"
Added Pin To Net: NetName=JMP3 Pin=R24-2
Added Pin To Net: NetName=JMP2 Pin=R25-2
Added Pin To Net: NetName=JMP1 Pin=R26-2
Added Pin To Net: NetName=NetR21_1 Pin=R21-1
Added Pin To Net: NetName=NetR21_1 Pin=R26-1
Added Net: Name=NetR21_1
Added Pin To Net: NetName=NetR22_1 Pin=R22-1
Added Pin To Net: NetName=NetR22_1 Pin=R25-1
Added Net: Name=NetR22_1
Added Pin To Net: NetName=NetR23_1 Pin=R23-1
Added Pin To Net: NetName=NetR23_1 Pin=R24-1
Added Net: Name=NetR23_1
